<?xml version="1.0" encoding="UTF-8"?>
<testsuite name="mo.mouse.visualization.MousePlayerTest" tests="3" skipped="0" failures="0" errors="0" timestamp="2023-12-17T01:50:16" hostname="LAPTOP-TLG0SN0J" time="0.19">
  <properties/>
  <testcase name="testSeek" classname="mo.mouse.visualization.MousePlayerTest" time="0.183"/>
  <testcase name="testGetStart" classname="mo.mouse.visualization.MousePlayerTest" time="0.003"/>
  <testcase name="testGetEnd" classname="mo.mouse.visualization.MousePlayerTest" time="0.003"/>
  <system-out><![CDATA[seek
getStart
getEnd
]]></system-out>
  <system-err><![CDATA[]]></system-err>
</testsuite>
